2022-05-11 22:26:57,173 INFO org.springframework.boot.StartupInfoLogger [main] Starting TransactionManagementApplication using Java 17.0.2 on DESKTOP-IDOE0HV with PID 11344 (C:\Users\Dolex\Documents\workspace-spring-tool\transaction-management\target\classes started by Dolex in C:\Users\Dolex\Documents\workspace-spring-tool\transaction-management)
2022-05-11 22:26:57,177 INFO org.springframework.boot.SpringApplication [main] The following 1 profile is active: "prod"
2022-05-11 22:26:57,762 INFO org.springframework.data.repository.config.RepositoryConfigurationDelegate [main] Bootstrapping Spring Data JPA repositories in DEFAULT mode.
2022-05-11 22:26:57,825 INFO org.springframework.data.repository.config.RepositoryConfigurationDelegate [main] Finished Spring Data repository scanning in 51 ms. Found 3 JPA repository interfaces.
2022-05-11 22:26:58,310 INFO org.springframework.boot.web.embedded.tomcat.TomcatWebServer [main] Tomcat initialized with port(s): 8080 (http)
2022-05-11 22:26:58,321 INFO org.apache.juli.logging.DirectJDKLog [main] Initializing ProtocolHandler ["http-nio-8080"]
2022-05-11 22:26:58,322 INFO org.apache.juli.logging.DirectJDKLog [main] Starting service [Tomcat]
2022-05-11 22:26:58,322 INFO org.apache.juli.logging.DirectJDKLog [main] Starting Servlet engine: [Apache Tomcat/9.0.62]
2022-05-11 22:26:58,560 INFO org.apache.juli.logging.DirectJDKLog [main] Initializing Spring embedded WebApplicationContext
2022-05-11 22:26:58,560 INFO org.springframework.boot.web.servlet.context.ServletWebServerApplicationContext [main] Root WebApplicationContext: initialization completed in 1336 ms
2022-05-11 22:26:58,734 INFO org.hibernate.jpa.internal.util.LogHelper [main] HHH000204: Processing PersistenceUnitInfo [name: default]
2022-05-11 22:26:58,787 INFO org.hibernate.Version [main] HHH000412: Hibernate ORM core version 5.6.8.Final
2022-05-11 22:26:58,950 INFO org.hibernate.annotations.common.reflection.java.JavaReflectionManager [main] HCANN000001: Hibernate Commons Annotations {5.1.2.Final}
2022-05-11 22:26:59,067 INFO com.zaxxer.hikari.HikariDataSource [main] HikariPool-1 - Starting...
2022-05-11 22:26:59,232 INFO com.zaxxer.hikari.HikariDataSource [main] HikariPool-1 - Start completed.
2022-05-11 22:26:59,249 INFO org.hibernate.dialect.Dialect [main] HHH000400: Using dialect: org.hibernate.dialect.MySQL5InnoDBDialect
2022-05-11 22:27:00,210 INFO org.hibernate.engine.transaction.jta.platform.internal.JtaPlatformInitiator [main] HHH000490: Using JtaPlatform implementation: [org.hibernate.engine.transaction.jta.platform.internal.NoJtaPlatform]
2022-05-11 22:27:00,220 INFO org.springframework.orm.jpa.AbstractEntityManagerFactoryBean [main] Initialized JPA EntityManagerFactory for persistence unit 'default'
2022-05-11 22:27:00,554 WARN org.springframework.boot.autoconfigure.orm.jpa.JpaBaseConfiguration$JpaWebConfiguration [main] spring.jpa.open-in-view is enabled by default. Therefore, database queries may be performed during view rendering. Explicitly configure spring.jpa.open-in-view to disable this warning
2022-05-11 22:27:00,890 INFO org.apache.juli.logging.DirectJDKLog [main] Starting ProtocolHandler ["http-nio-8080"]
2022-05-11 22:27:00,920 INFO org.springframework.boot.web.embedded.tomcat.TomcatWebServer [main] Tomcat started on port(s): 8080 (http) with context path ''
2022-05-11 22:27:00,929 INFO org.springframework.boot.StartupInfoLogger [main] Started TransactionManagementApplication in 4.271 seconds (JVM running for 5.278)
2022-05-11 22:27:24,903 INFO org.apache.juli.logging.DirectJDKLog [http-nio-8080-exec-2] Initializing Spring DispatcherServlet 'dispatcherServlet'
2022-05-11 22:27:24,904 INFO org.springframework.web.servlet.FrameworkServlet [http-nio-8080-exec-2] Initializing Servlet 'dispatcherServlet'
2022-05-11 22:27:24,905 INFO org.springframework.web.servlet.FrameworkServlet [http-nio-8080-exec-2] Completed initialization in 0 ms
2022-05-11 22:27:24,950 INFO com.credibanco.assessment.card.controller.CardController [http-nio-8080-exec-2] Prueba info
2022-05-11 22:27:24,950 WARN com.credibanco.assessment.card.controller.CardController [http-nio-8080-exec-2] Prueba warn
2022-05-11 22:27:24,950 ERROR com.credibanco.assessment.card.controller.CardController [http-nio-8080-exec-2] Prueba error
2022-05-11 22:28:30,277 INFO org.springframework.boot.admin.SpringApplicationAdminMXBeanRegistrar$SpringApplicationAdmin [RMI TCP Connection(10)-127.0.0.1] Application shutdown requested.
2022-05-11 22:28:30,334 INFO org.springframework.orm.jpa.AbstractEntityManagerFactoryBean [RMI TCP Connection(10)-127.0.0.1] Closing JPA EntityManagerFactory for persistence unit 'default'
2022-05-11 22:28:30,337 INFO com.zaxxer.hikari.HikariDataSource [RMI TCP Connection(10)-127.0.0.1] HikariPool-1 - Shutdown initiated...
2022-05-11 22:28:30,345 INFO com.zaxxer.hikari.HikariDataSource [RMI TCP Connection(10)-127.0.0.1] HikariPool-1 - Shutdown completed.
